d:\pi\gamemanager\gamemanager\x64\release\vc143.pdb
d:\pi\gamemanager\gamemanager\x64\release\windowhandler.obj
d:\pi\gamemanager\gamemanager\x64\release\shop.obj
d:\pi\gamemanager\gamemanager\x64\release\secondmenu2.obj
d:\pi\gamemanager\gamemanager\x64\release\secondmenu.obj
d:\pi\gamemanager\gamemanager\x64\release\mainmenu2.obj
d:\pi\gamemanager\gamemanager\x64\release\mainmenu.obj
d:\pi\gamemanager\gamemanager\x64\release\itemviewmenu.obj
d:\pi\gamemanager\gamemanager\x64\release\itemsmenu.obj
d:\pi\gamemanager\gamemanager\x64\release\itemeditmenu.obj
d:\pi\gamemanager\gamemanager\x64\release\createitem.obj
d:\pi\gamemanager\gamemanager\x64\release\second_buttons.obj
d:\pi\gamemanager\gamemanager\x64\release\itembuttons.obj
d:\pi\gamemanager\gamemanager\x64\release\demobutton2.obj
d:\pi\gamemanager\gamemanager\x64\release\demobutton.obj
d:\pi\gamemanager\gamemanager\x64\release\backbutton.obj
d:\pi\gamemanager\gamemanager\x64\release\gamemanager.obj
d:\pi\gamemanager\gamemanager\x64\release\dbm.obj
d:\pi\gamemanager\x64\release\gamemanager.lib
d:\pi\gamemanager\x64\release\gamemanager.exp
d:\pi\gamemanager\x64\release\gamemanager.exe
d:\pi\gamemanager\gamemanager\x64\release\gamemanager.ipdb
d:\pi\gamemanager\x64\release\gamemanager.pdb
d:\pi\gamemanager\gamemanager\x64\release\gamemanager.iobj
d:\pi\gamemanager\gamemanager\x64\release\gamemanager.tlog\cl.command.1.tlog
d:\pi\gamemanager\gamemanager\x64\release\gamemanager.tlog\cl.read.1.tlog
d:\pi\gamemanager\gamemanager\x64\release\gamemanager.tlog\cl.write.1.tlog
d:\pi\gamemanager\gamemanager\x64\release\gamemanager.tlog\link.command.1.tlog
d:\pi\gamemanager\gamemanager\x64\release\gamemanager.tlog\link.read.1.tlog
d:\pi\gamemanager\gamemanager\x64\release\gamemanager.tlog\link.write.1.tlog
d:\pi\gamemanager\gamemanager\x64\release\gamemanager.tlog\link.write.2u.tlog
